G:\osg_test\SingleVR2\osgVR\Release\cl.command.1.tlog
G:\osg_test\SingleVR2\osgVR\Release\CL.read.1.tlog
G:\osg_test\SingleVR2\osgVR\Release\CL.write.1.tlog
G:\OSG_TEST\SINGLEVR2\OSGVR\RELEASE\GLOBAL.OBJ
G:\osg_test\SingleVR2\osgVR\Release\link.command.1.tlog
G:\osg_test\SingleVR2\osgVR\Release\link.read.1.tlog
G:\osg_test\SingleVR2\osgVR\Release\link.write.1.tlog
G:\OSG_TEST\SINGLEVR2\OSGVR\RELEASE\LOADMODELS.OBJ
G:\OSG_TEST\SINGLEVR2\OSGVR\RELEASE\MAIN.OBJ
G:\osg_test\SingleVR2\osgVR\Release\mt.command.1.tlog
G:\osg_test\SingleVR2\osgVR\Release\mt.read.1.tlog
G:\osg_test\SingleVR2\osgVR\Release\mt.write.1.tlog
G:\OSG_TEST\SINGLEVR2\OSGVR\RELEASE\OSGVR.EXE.INTERMEDIATE.MANIFEST
G:\osg_test\SingleVR2\osgVR\Release\osgVR.vcxprojResolveAssemblyReference.cache
G:\osg_test\SingleVR2\osgVR\Release\osgVR.write.1.tlog
G:\OSG_TEST\SINGLEVR2\OSGVR\RELEASE\READDAMAGESTATE.OBJ
G:\OSG_TEST\SINGLEVR2\OSGVR\RELEASE\READRESULT.OBJ
G:\OSG_TEST\SINGLEVR2\OSGVR\RELEASE\VC100.PDB
G:\OSG_TEST\SINGLEVR2\RELEASE\OSGVR.EXE
G:\OSG_TEST\SINGLEVR2\RELEASE\OSGVR.PDB
